Command line invocation:
    /Applications/Xcode.app/Contents/Developer/usr/bin/xcodebuild -scheme "Teach Gate-macOS" -configuration Debug -derivedDataPath build build

Resolve Package Graph


Resolved source packages:
  CocoaLumberjack: https://github.com/CocoaLumberjack/CocoaLumberjack.git @ 3.9.0
  swift-log: https://github.com/apple/swift-log @ 1.6.4
  OutlineAppleLib: /Users/obedsayyad/teach-gate-macOS-app/macos/OutlineAppleLib @ local
  Sentry: https://github.com/getsentry/sentry-cocoa @ 8.55.0

--- xcodebuild: WARNING: Using the first of multiple matching destinations:
{ platform:macOS, arch:arm64, id:00006000-000C019234FA401E, name:My Mac }
{ platform:macOS, arch:x86_64, id:00006000-000C019234FA401E, name:My Mac }
{ platform:macOS, name:Any Mac }
ComputePackagePrebuildTargetDependencyGraph

Prepare packages

CreateBuildRequest

SendProjectDescription

CreateBuildOperation

ComputeTargetDependencyGraph
note: Building targets in dependency order
note: Target dependency graph (16 targets)
    Target 'Teach Gate-macOS' in project 'Teach Gate'
        ➜ Explicit dependency on target 'TeachGateVPN' in project 'Teach Gate'
    Target 'TeachGateVPN' in project 'Teach Gate'
        ➜ Explicit dependency on target 'CocoaLumberjack' in project 'CocoaLumberjack'
        ➜ Explicit dependency on target 'OutlineAppleLib' in project 'OutlineAppleLib'
        ➜ Explicit dependency on target 'CocoaLumberjackSwift' in project 'CocoaLumberjack'
        ➜ Explicit dependency on target 'OutlineVPNExtensionLib' in project 'OutlineAppleLib'
    Target 'OutlineVPNExtensionLib' in project 'OutlineAppleLib'
        ➜ Explicit dependency on target 'OutlineError' in project 'OutlineAppleLib'
    Target 'OutlineAppleLib' in project 'OutlineAppleLib'
        ➜ Explicit dependency on target 'OutlineSentryLogger' in project 'OutlineAppleLib'
        ➜ Explicit dependency on target 'OutlineTunnel' in project 'OutlineAppleLib'
        ➜ Explicit dependency on target 'OutlineCatalystApp' in project 'OutlineAppleLib'
        ➜ Explicit dependency on target 'OutlineNotification' in project 'OutlineAppleLib'
        ➜ Explicit dependency on target 'OutlineError' in project 'OutlineAppleLib'
        ➜ Explicit dependency on target 'CocoaLumberjackSwift' in project 'CocoaLumberjack'
        ➜ Explicit dependency on target 'Sentry' in project 'Sentry'
    Target 'OutlineError' in project 'OutlineAppleLib' (no dependencies)
    Target 'OutlineCatalystApp' in project 'OutlineAppleLib'
        ➜ Explicit dependency on target 'OutlineNotification' in project 'OutlineAppleLib'
        ➜ Explicit dependency on target 'CocoaLumberjackSwift' in project 'CocoaLumberjack'
    Target 'OutlineNotification' in project 'OutlineAppleLib' (no dependencies)
    Target 'OutlineTunnel' in project 'OutlineAppleLib'
        ➜ Explicit dependency on target 'CocoaLumberjackSwift' in project 'CocoaLumberjack'
    Target 'OutlineSentryLogger' in project 'OutlineAppleLib'
        ➜ Explicit dependency on target 'CocoaLumberjackSwift' in project 'CocoaLumberjack'
        ➜ Explicit dependency on target 'Sentry' in project 'Sentry'
    Target 'Sentry' in project 'Sentry' (no dependencies)
    Target 'CocoaLumberjackSwift' in project 'CocoaLumberjack'
        ➜ Explicit dependency on target 'CocoaLumberjackSwift' in project 'CocoaLumberjack'
        ➜ Explicit dependency on target 'CocoaLumberjack' in project 'CocoaLumberjack'
        ➜ Explicit dependency on target 'CocoaLumberjackSwiftSupport' in project 'CocoaLumberjack'
    Target 'CocoaLumberjackSwift' in project 'CocoaLumberjack'
        ➜ Explicit dependency on target 'CocoaLumberjack' in project 'CocoaLumberjack'
        ➜ Explicit dependency on target 'CocoaLumberjackSwiftSupport' in project 'CocoaLumberjack'
    Target 'CocoaLumberjackSwiftSupport' in project 'CocoaLumberjack'
        ➜ Explicit dependency on target 'CocoaLumberjack' in project 'CocoaLumberjack'
    Target 'CocoaLumberjack' in project 'CocoaLumberjack'
        ➜ Explicit dependency on target 'CocoaLumberjack' in project 'CocoaLumberjack'
        ➜ Explicit dependency on target 'CocoaLumberjack_CocoaLumberjack' in project 'CocoaLumberjack'
    Target 'CocoaLumberjack' in project 'CocoaLumberjack'
        ➜ Explicit dependency on target 'CocoaLumberjack_CocoaLumberjack' in project 'CocoaLumberjack'
    Target 'CocoaLumberjack_CocoaLumberjack' in project 'CocoaLumberjack' (no dependencies)

GatherProvisioningInputs

CreateBuildDescription

ExecuteExternalTool /Applications/Xcode.app/Contents/Developer/Toolchains/XcodeDefault.xctoolchain/usr/bin/clang -v -E -dM -arch arm64 -isysroot /Applications/Xcode.app/Contents/Developer/Platforms/MacOSX.platform/Developer/SDKs/MacOSX15.5.sdk -x c -c /dev/null

ExecuteExternalTool /Applications/Xcode.app/Contents/Developer/Toolchains/XcodeDefault.xctoolchain/usr/bin/clang -v -E -dM -arch arm64 -isysroot /Applications/Xcode.app/Contents/Developer/Platforms/MacOSX.platform/Developer/SDKs/MacOSX15.5.sdk -x objective-c -c /dev/null

ExecuteExternalTool /Applications/Xcode.app/Contents/Developer/Toolchains/XcodeDefault.xctoolchain/usr/bin/swiftc --version

ExecuteExternalTool /Applications/Xcode.app/Contents/Developer/usr/bin/ibtool --version --output-format xml1

ExecuteExternalTool /Applications/Xcode.app/Contents/Developer/Toolchains/XcodeDefault.xctoolchain/usr/bin/clang -v -E -dM -isysroot /Applications/Xcode.app/Contents/Developer/Platforms/MacOSX.platform/Developer/SDKs/MacOSX15.5.sdk -x c -c /dev/null

ExecuteExternalTool /Applications/Xcode.app/Contents/Developer/Toolchains/XcodeDefault.xctoolchain/usr/bin/clang -v -E -dM -arch arm64 -isysroot /Applications/Xcode.app/Contents/Developer/Platforms/MacOSX.platform/Developer/SDKs/MacOSX15.5.sdk -x objective-c++ -c /dev/null

ExecuteExternalTool /Applications/Xcode.app/Contents/Developer/Toolchains/XcodeDefault.xctoolchain/usr/bin/ld -version_details

ExecuteExternalTool /Applications/Xcode.app/Contents/Developer/usr/bin/actool --version --output-format xml1

Build description signature: aeb9fe545c0d21b0c0091bf594355cfd
Build description path: /Users/obedsayyad/teach-gate-macOS-app/macos/build/Build/Intermediates.noindex/XCBuildData/aeb9fe545c0d21b0c0091bf594355cfd.xcbuilddata
ClangStatCache /Applications/Xcode.app/Contents/Developer/Toolchains/XcodeDefault.xctoolchain/usr/bin/clang-stat-cache /Applications/Xcode.app/Contents/Developer/Platforms/MacOSX.platform/Developer/SDKs/MacOSX15.5.sdk /Users/obedsayyad/teach-gate-macOS-app/macos/build/SDKStatCaches.noindex/macosx15.5-24F74-8254517eb8b97d462ccbc072ba9094c9.sdkstatcache
    cd /Users/obedsayyad/teach-gate-macOS-app/macos/Teach\ Gate.xcodeproj
    /Applications/Xcode.app/Contents/Developer/Toolchains/XcodeDefault.xctoolchain/usr/bin/clang-stat-cache /Applications/Xcode.app/Contents/Developer/Platforms/MacOSX.platform/Developer/SDKs/MacOSX15.5.sdk -o /Users/obedsayyad/teach-gate-macOS-app/macos/build/SDKStatCaches.noindex/macosx15.5-24F74-8254517eb8b97d462ccbc072ba9094c9.sdkstatcache

ProcessInfoPlistFile /Users/obedsayyad/teach-gate-macOS-app/macos/build/Build/Products/Debug/CocoaLumberjack_CocoaLumberjack.bundle/Contents/Info.plist /Users/obedsayyad/teach-gate-macOS-app/macos/build/Build/Intermediates.noindex/CocoaLumberjack.build/Debug/CocoaLumberjack_CocoaLumberjack.build/empty-CocoaLumberjack_CocoaLumberjack.plist (in target 'CocoaLumberjack_CocoaLumberjack' from project 'CocoaLumberjack')
    cd /Users/obedsayyad/teach-gate-macOS-app/macos/build/SourcePackages/checkouts/CocoaLumberjack
    builtin-infoPlistUtility /Users/obedsayyad/teach-gate-macOS-app/macos/build/Build/Intermediates.noindex/CocoaLumberjack.build/Debug/CocoaLumberjack_CocoaLumberjack.build/empty-CocoaLumberjack_CocoaLumberjack.plist -producttype com.apple.product-type.bundle -expandbuildsettings -platform macosx -o /Users/obedsayyad/teach-gate-macOS-app/macos/build/Build/Products/Debug/CocoaLumberjack_CocoaLumberjack.bundle/Contents/Info.plist

ScanDependencies /Users/obedsayyad/teach-gate-macOS-app/macos/build/Build/Intermediates.noindex/CocoaLumberjack.build/Debug/CocoaLumberjack.build/Objects-normal/arm64/DDContextFilterLogFormatter.o /Users/obedsayyad/teach-gate-macOS-app/macos/build/SourcePackages/checkouts/CocoaLumberjack/Sources/CocoaLumberjack/Extensions/DDContextFilterLogFormatter.m normal arm64 objective-c com.apple.compilers.llvm.clang.1_0.compiler (in target 'CocoaLumberjack' from project 'CocoaLumberjack')
    cd /Users/obedsayyad/teach-gate-macOS-app/macos/Teach\ Gate.xcodeproj
    
    Using response file: /Users/obedsayyad/teach-gate-macOS-app/macos/build/Build/Intermediates.noindex/CocoaLumberjack.build/Debug/CocoaLumberjack.build/Objects-normal/arm64/e6072d4f65d7061329687fe24e3d63a7-common-args.resp
    
    builtin-ScanDependencies -o /Users/obedsayyad/teach-gate-macOS-app/macos/build/Build/Intermediates.noindex/CocoaLumberjack.build/Debug/CocoaLumberjack.build/Objects-normal/arm64/DDContextFilterLogFormatter.o.scan -- /Applications/Xcode.app/Contents/Developer/Toolchains/XcodeDefault.xctoolchain/usr/bin/clang -x objective-c -ivfsstatcache /Users/obedsayyad/teach-gate-macOS-app/macos/build/SDKStatCaches.noindex/macosx15.5-24F74-8254517eb8b97d462ccbc072ba9094c9.sdkstatcache -fmessage-length\=0 -fdiagnostics-show-note-include-stack -fmacro-backtrace-limit\=0 -fno-color-diagnostics -fmodules-prune-interval\=86400 -fmodules-prune-after\=345600 -fbuild-session-file\=/Users/obedsayyad/teach-gate-macOS-app/macos/build/ModuleCache.noindex/Session.modulevalidation -fmodules-validate-once-per-build-session -Wnon-modular-include-in-framework-module -Werror\=non-modular-include-in-framework-module -Wno-trigraphs -Wno-missing-field-initializers -Wno-missing-prototypes -Wno-return-type -Wno-implicit-atomic-properties -Wno-objc-interface-ivars -Wno-arc-repeated-use-of-weak -Wno-missing-braces -Wparentheses -Wswitch -Wno-unused-function -Wno-unused-label -Wno-unused-parameter -Wno-unused-variable -Wunused-value -Wno-empty-body -Wno-uninitialized -Wno-unknown-pragmas -w -Wno-shadow -Wno-four-char-constants -Wno-conversion -Wno-constant-conversion -Wno-int-conversion -Wno-bool-conversion -Wno-enum-conversion -Wno-float-conversion -Wno-non-literal-null-conversion -Wno-objc-literal-conversion -Wshorten-64-to-32 -Wpointer-sign -Wno-newline-eof -Wno-selector -Wno-strict-selector-match -Wno-undeclared-selector -Wno-deprecated-implementations -Wno-implicit-fallthrough -fstrict-aliasing -Wprotocol -Wdeprecated-declarations -Wno-sign-conversion -Wno-infinite-recursion -Wno-comma -Wno-block-capture-autoreleasing -Wno-strict-prototypes -Wno-semicolon-before-method-body -index-store-path /Users/obedsayyad/teach-gate-macOS-app/macos/build/Index.noindex/DataStore @/Users/obedsayyad/teach-gate-macOS-app/macos/build/Build/Intermediates.noindex/CocoaLumberjack.build/Debug/CocoaLumberjack.build/Objects-normal/arm64/e6072d4f65d7061329687fe24e3d63a7-common-args.resp -include /Users/obedsayyad/teach-gate-macOS-app/macos/build/Build/Intermediates.noindex/CocoaLumberjack.build/Debug/CocoaLumberjack.build/DerivedSources/resource_bundle_accessor.h -MMD -MT dependencies -MF /Users/obedsayyad/teach-gate-macOS-app/macos/build/Build/Intermediates.noindex/CocoaLumberjack.build/Debug/CocoaLumberjack.build/Objects-normal/arm64/DDContextFilterLogFormatter.d --serialize-diagnostics /Users/obedsayyad/teach-gate-macOS-app/macos/build/Build/Intermediates.noindex/CocoaLumberjack.build/Debug/CocoaLumberjack.build/Objects-normal/arm64/DDContextFilterLogFormatter.dia -c /Users/obedsayyad/teach-gate-macOS-app/macos/build/SourcePackages/checkouts/CocoaLumberjack/Sources/CocoaLumberjack/Extensions/DDContextFilterLogFormatter.m -o /Users/obedsayyad/teach-gate-macOS-app/macos/build/Build/Intermediates.noindex/CocoaLumberjack.build/Debug/CocoaLumberjack.build/Objects-normal/arm64/DDContextFilterLogFormatter.o -index-unit-output-path /CocoaLumberjack.build/Debug/CocoaLumberjack.build/Objects-normal/arm64/DDContextFilterLogFormatter.o

ScanDependencies /Users/obedsayyad/teach-gate-macOS-app/macos/build/Build/Intermediates.noindex/CocoaLumberjack.build/Debug/CocoaLumberjack.build/Objects-normal/arm64/DDContextFilterLogFormatter+Deprecated.o /Users/obedsayyad/teach-gate-macOS-app/macos/build/SourcePackages/checkouts/CocoaLumberjack/Sources/CocoaLumberjack/Extensions/DDContextFilterLogFormatter+Deprecated.m normal arm64 objective-c com.apple.compilers.llvm.clang.1_0.compiler (in target 'CocoaLumberjack' from project 'CocoaLumberjack')
    cd /Users/obedsayyad/teach-gate-macOS-app/macos/Teach\ Gate.xcodeproj
    
    Using response file: /Users/obedsayyad/teach-gate-macOS-app/macos/build/Build/Intermediates.noindex/CocoaLumberjack.build/Debug/CocoaLumberjack.build/Objects-normal/arm64/e6072d4f65d7061329687fe24e3d63a7-common-args.resp
    
    builtin-ScanDependencies -o /Users/obedsayyad/teach-gate-macOS-app/macos/build/Build/Intermediates.noindex/CocoaLumberjack.build/Debug/CocoaLumberjack.build/Objects-normal/arm64/DDContextFilterLogFormatter+Deprecated.o.scan -- /Applications/Xcode.app/Contents/Developer/Toolchains/XcodeDefault.xctoolchain/usr/bin/clang -x objective-c -ivfsstatcache /Users/obedsayyad/teach-gate-macOS-app/macos/build/SDKStatCaches.noindex/macosx15.5-24F74-8254517eb8b97d462ccbc072ba9094c9.sdkstatcache -fmessage-length\=0 -fdiagnostics-show-note-include-stack -fmacro-backtrace-limit\=0 -fno-color-diagnostics -fmodules-prune-interval\=86400 -fmodules-prune-after\=345600 -fbuild-session-file\=/Users/obedsayyad/teach-gate-macOS-app/macos/build/ModuleCache.noindex/Session.modulevalidation -fmodules-validate-once-per-build-session -Wnon-modular-include-in-framework-module -Werror\=non-modular-include-in-framework-module -Wno-trigraphs -Wno-missing-field-initializers -Wno-missing-prototypes -Wno-return-type -Wno-implicit-atomic-properties -Wno-objc-interface-ivars -Wno-arc-repeated-use-of-weak -Wno-missing-braces -Wparentheses -Wswitch -Wno-unused-function -Wno-unused-label -Wno-unused-parameter -Wno-unused-variable -Wunused-value -Wno-empty-body -Wno-uninitialized -Wno-unknown-pragmas -w -Wno-shadow -Wno-four-char-constants -Wno-conversion -Wno-constant-conversion -Wno-int-conversion -Wno-bool-conversion -Wno-enum-conversion -Wno-float-conversion -Wno-non-literal-null-conversion -Wno-objc-literal-conversion -Wshorten-64-to-32 -Wpointer-sign -Wno-newline-eof -Wno-selector -Wno-strict-selector-match -Wno-undeclared-selector -Wno-deprecated-implementations -Wno-implicit-fallthrough -fstrict-aliasing -Wprotocol -Wdeprecated-declarations -Wno-sign-conversion -Wno-infinite-recursion -Wno-comma -Wno-block-capture-autoreleasing -Wno-strict-prototypes -Wno-semicolon-before-method-body -index-store-path /Users/obedsayyad/teach-gate-macOS-app/macos/build/Index.noindex/DataStore @/Users/obedsayyad/teach-gate-macOS-app/macos/build/Build/Intermediates.noindex/CocoaLumberjack.build/Debug/CocoaLumberjack.build/Objects-normal/arm64/e6072d4f65d7061329687fe24e3d63a7-common-args.resp -include /Users/obedsayyad/teach-gate-macOS-app/macos/build/Build/Intermediates.noindex/CocoaLumberjack.build/Debug/CocoaLumberjack.build/DerivedSources/resource_bundle_accessor.h -MMD -MT dependencies -MF /Users/obedsayyad/teach-gate-macOS-app/macos/build/Build/Intermediates.noindex/CocoaLumberjack.build/Debug/CocoaLumberjack.build/Objects-normal/arm64/DDContextFilterLogFormatter+Deprecated.d --serialize-diagnostics /Users/obedsayyad/teach-gate-macOS-app/macos/build/Build/Intermediates.noindex/CocoaLumberjack.build/Debug/CocoaLumberjack.build/Objects-normal/arm64/DDContextFilterLogFormatter+Deprecated.dia -c /Users/obedsayyad/teach-gate-macOS-app/macos/build/SourcePackages/checkouts/CocoaLumberjack/Sources/CocoaLumberjack/Extensions/DDContextFilterLogFormatter+Deprecated.m -o /Users/obedsayyad/teach-gate-macOS-app/macos/build/Build/Intermediates.noindex/CocoaLumberjack.build/Debug/CocoaLumberjack.build/Objects-normal/arm64/DDContextFilterLogFormatter+Deprecated.o -index-unit-output-path /CocoaLumberjack.build/Debug/CocoaLumberjack.build/Objects-normal/arm64/DDContextFilterLogFormatter+Deprecated.o

ScanDependencies /Users/obedsayyad/teach-gate-macOS-app/macos/build/Build/Intermediates.noindex/CocoaLumberjack.build/Debug/CocoaLumberjack.build/Objects-normal/arm64/DDAbstractDatabaseLogger.o /Users/obedsayyad/teach-gate-macOS-app/macos/build/SourcePackages/checkouts/CocoaLumberjack/Sources/CocoaLumberjack/DDAbstractDatabaseLogger.m normal arm64 objective-c com.apple.compilers.llvm.clang.1_0.compiler (in target 'CocoaLumberjack' from project 'CocoaLumberjack')
    cd /Users/obedsayyad/teach-gate-macOS-app/macos/Teach\ Gate.xcodeproj
    
    Using response file: /Users/obedsayyad/teach-gate-macOS-app/macos/build/Build/Intermediates.noindex/CocoaLumberjack.build/Debug/CocoaLumberjack.build/Objects-normal/arm64/e6072d4f65d7061329687fe24e3d63a7-common-args.resp
    
    builtin-ScanDependencies -o /Users/obedsayyad/teach-gate-macOS-app/macos/build/Build/Intermediates.noindex/CocoaLumberjack.build/Debug/CocoaLumberjack.build/Objects-normal/arm64/DDAbstractDatabaseLogger.o.scan -- /Applications/Xcode.app/Contents/Developer/Toolchains/XcodeDefault.xctoolchain/usr/bin/clang -x objective-c -ivfsstatcache /Users/obedsayyad/teach-gate-macOS-app/macos/build/SDKStatCaches.noindex/macosx15.5-24F74-8254517eb8b97d462ccbc072ba9094c9.sdkstatcache -fmessage-length\=0 -fdiagnostics-show-note-include-stack -fmacro-backtrace-limit\=0 -fno-color-diagnostics -fmodules-prune-interval\=86400 -fmodules-prune-after\=345600 -fbuild-session-file\=/Users/obedsayyad/teach-gate-macOS-app/macos/build/ModuleCache.noindex/Session.modulevalidation -fmodules-validate-once-per-build-session -Wnon-modular-include-in-framework-module -Werror\=non-modular-include-in-framework-module -Wno-trigraphs -Wno-missing-field-initializers -Wno-missing-prototypes -Wno-return-type -Wno-implicit-atomic-properties -Wno-objc-interface-ivars -Wno-arc-repeated-use-of-weak -Wno-missing-braces -Wparentheses -Wswitch -Wno-unused-function -Wno-unused-label -Wno-unused-parameter -Wno-unused-variable -Wunused-value -Wno-empty-body -Wno-uninitialized -Wno-unknown-pragmas -w -Wno-shadow -Wno-four-char-constants -Wno-conversion -Wno-constant-conversion -Wno-int-conversion -Wno-bool-conversion -Wno-enum-conversion -Wno-float-conversion -Wno-non-literal-null-conversion -Wno-objc-literal-conversion -Wshorten-64-to-32 -Wpointer-sign -Wno-newline-eof -Wno-selector -Wno-strict-selector-match -Wno-undeclared-selector -Wno-deprecated-implementations -Wno-implicit-fallthrough -fstrict-aliasing -Wprotocol -Wdeprecated-declarations -Wno-sign-conversion -Wno-infinite-recursion -Wno-comma -Wno-block-capture-autoreleasing -Wno-strict-prototypes -Wno-semicolon-before-method-body -index-store-path /Users/obedsayyad/teach-gate-macOS-app/macos/build/Index.noindex/DataStore @/Users/obedsayyad/teach-gate-macOS-app/macos/build/Build/Intermediates.noindex/CocoaLumberjack.build/Debug/CocoaLumberjack.build/Objects-normal/arm64/e6072d4f65d7061329687fe24e3d63a7-common-args.resp -include /Users/obedsayyad/teach-gate-macOS-app/macos/build/Build/Intermediates.noindex/CocoaLumberjack.build/Debug/CocoaLumberjack.build/DerivedSources/resource_bundle_accessor.h -MMD -MT dependencies -MF /Users/obedsayyad/teach-gate-macOS-app/macos/build/Build/Intermediates.noindex/CocoaLumberjack.build/Debug/CocoaLumberjack.build/Objects-normal/arm64/DDAbstractDatabaseLogger.d --serialize-diagnostics /Users/obedsayyad/teach-gate-macOS-app/macos/build/Build/Intermediates.noindex/CocoaLumberjack.build/Debug/CocoaLumberjack.build/Objects-normal/arm64/DDAbstractDatabaseLogger.dia -c /Users/obedsayyad/teach-gate-macOS-app/macos/build/SourcePackages/checkouts/CocoaLumberjack/Sources/CocoaLumberjack/DDAbstractDatabaseLogger.m -o /Users/obedsayyad/teach-gate-macOS-app/macos/build/Build/Intermediates.noindex/CocoaLumberjack.build/Debug/CocoaLumberjack.build/Objects-normal/arm64/DDAbstractDatabaseLogger.o -index-unit-output-path /CocoaLumberjack.build/Debug/CocoaLumberjack.build/Objects-normal/arm64/DDAbstractDatabaseLogger.o

ScanDependencies /Users/obedsayyad/teach-gate-macOS-app/macos/build/Build/Intermediates.noindex/CocoaLumberjack.build/Debug/CocoaLumberjack.build/Objects-normal/arm64/DDASLLogger.o /Users/obedsayyad/teach-gate-macOS-app/macos/build/SourcePackages/checkouts/CocoaLumberjack/Sources/CocoaLumberjack/DDASLLogger.m normal arm64 objective-c com.apple.compilers.llvm.clang.1_0.compiler (in target 'CocoaLumberjack' from project 'CocoaLumberjack')
    cd /Users/obedsayyad/teach-gate-macOS-app/macos/Teach\ Gate.xcodeproj
    
    Using response file: /Users/obedsayyad/teach-gate-macOS-app/macos/build/Build/Intermediates.noindex/CocoaLumberjack.build/Debug/CocoaLumberjack.build/Objects-normal/arm64/e6072d4f65d7061329687fe24e3d63a7-common-args.resp
    
    builtin-ScanDependencies -o /Users/obedsayyad/teach-gate-macOS-app/macos/build/Build/Intermediates.noindex/CocoaLumberjack.build/Debug/CocoaLumberjack.build/Objects-normal/arm64/DDASLLogger.o.scan -- /Applications/Xcode.app/Contents/Developer/Toolchains/XcodeDefault.xctoolchain/usr/bin/clang -x objective-c -ivfsstatcache /Users/obedsayyad/teach-gate-macOS-app/macos/build/SDKStatCaches.noindex/macosx15.5-24F74-8254517eb8b97d462ccbc072ba9094c9.sdkstatcache -fmessage-length\=0 -fdiagnostics-show-note-include-stack -fmacro-backtrace-limit\=0 -fno-color-diagnostics -fmodules-prune-interval\=86400 -fmodules-prune-after\=345600 -fbuild-session-file\=/Users/obedsayyad/teach-gate-macOS-app/macos/build/ModuleCache.noindex/Session.modulevalidation -fmodules-validate-once-per-build-session -Wnon-modular-include-in-framework-module -Werror\=non-modular-include-in-framework-module -Wno-trigraphs -Wno-missing-field-initializers -Wno-missing-prototypes -Wno-return-type -Wno-implicit-atomic-properties -Wno-objc-interface-ivars -Wno-arc-repeated-use-of-weak -Wno-missing-braces -Wparentheses -Wswitch -Wno-unused-function -Wno-unused-label -Wno-unused-parameter -Wno-unused-variable -Wunused-value -Wno-empty-body -Wno-uninitialized -Wno-unknown-pragmas -w -Wno-shadow -Wno-four-char-constants -Wno-conversion -Wno-constant-conversion -Wno-int-conversion -Wno-bool-conversion -Wno-enum-conversion -Wno-float-conversion -Wno-non-literal-null-conversion -Wno-objc-literal-conversion -Wshorten-64-to-32 -Wpointer-sign -Wno-newline-eof -Wno-selector -Wno-strict-selector-match -Wno-undeclared-selector -Wno-deprecated-implementations -Wno-implicit-fallthrough -fstrict-aliasing -Wprotocol -Wdeprecated-declarations -Wno-sign-conversion -Wno-infinite-recursion -Wno-comma -Wno-block-capture-autoreleasing -Wno-strict-prototypes -Wno-semicolon-before-method-body -index-store-path /Users/obedsayyad/teach-gate-macOS-app/macos/build/Index.noindex/DataStore @/Users/obedsayyad/teach-gate-macOS-app/macos/build/Build/Intermediates.noindex/CocoaLumberjack.build/Debug/CocoaLumberjack.build/Objects-normal/arm64/e6072d4f65d7061329687fe24e3d63a7-common-args.resp -include /Users/obedsayyad/teach-gate-macOS-app/macos/build/Build/Intermediates.noindex/CocoaLumberjack.build/Debug/CocoaLumberjack.build/DerivedSources/resource_bundle_accessor.h -MMD -MT dependencies -MF /Users/obedsayyad/teach-gate-macOS-app/macos/build/Build/Intermediates.noindex/CocoaLumberjack.build/Debug/CocoaLumberjack.build/Objects-normal/arm64/DDASLLogger.d --serialize-diagnostics /Users/obedsayyad/teach-gate-macOS-app/macos/build/Build/Intermediates.noindex/CocoaLumberjack.build/Debug/CocoaLumberjack.build/Objects-normal/arm64/DDASLLogger.dia -c /Users/obedsayyad/teach-gate-macOS-app/macos/build/SourcePackages/checkouts/CocoaLumberjack/Sources/CocoaLumberjack/DDASLLogger.m -o /Users/obedsayyad/teach-gate-macOS-app/macos/build/Build/Intermediates.noindex/CocoaLumberjack.build/Debug/CocoaLumberjack.build/Objects-normal/arm64/DDASLLogger.o -index-unit-output-path /CocoaLumberjack.build/Debug/CocoaLumberjack.build/Objects-normal/arm64/DDASLLogger.o

ScanDependencies /Users/obedsayyad/teach-gate-macOS-app/macos/build/Build/Intermediates.noindex/CocoaLumberjack.build/Debug/CocoaLumberjack.build/Objects-normal/arm64/DDASLLogCapture.o /Users/obedsayyad/teach-gate-macOS-app/macos/build/SourcePackages/checkouts/CocoaLumberjack/Sources/CocoaLumberjack/DDASLLogCapture.m normal arm64 objective-c com.apple.compilers.llvm.clang.1_0.compiler (in target 'CocoaLumberjack' from project 'CocoaLumberjack')
    cd /Users/obedsayyad/teach-gate-macOS-app/macos/Teach\ Gate.xcodeproj
    
    Using response file: /Users/obedsayyad/teach-gate-macOS-app/macos/build/Build/Intermediates.noindex/CocoaLumberjack.build/Debug/CocoaLumberjack.build/Objects-normal/arm64/e6072d4f65d7061329687fe24e3d63a7-common-args.resp
    
    builtin-ScanDependencies -o /Users/obedsayyad/teach-gate-macOS-app/macos/build/Build/Intermediates.noindex/CocoaLumberjack.build/Debug/CocoaLumberjack.build/Objects-normal/arm64/DDASLLogCapture.o.scan -- /Applications/Xcode.app/Contents/Developer/Toolchains/XcodeDefault.xctoolchain/usr/bin/clang -x objective-c -ivfsstatcache /Users/obedsayyad/teach-gate-macOS-app/macos/build/SDKStatCaches.noindex/macosx15.5-24F74-8254517eb8b97d462ccbc072ba9094c9.sdkstatcache -fmessage-length\=0 -fdiagnostics-show-note-include-stack -fmacro-backtrace-limit\=0 -fno-color-diagnostics -fmodules-prune-interval\=86400 -fmodules-prune-after\=345600 -fbuild-session-file\=/Users/obedsayyad/teach-gate-macOS-app/macos/build/ModuleCache.noindex/Session.modulevalidation -fmodules-validate-once-per-build-session -Wnon-modular-include-in-framework-module -Werror\=non-modular-include-in-framework-module -Wno-trigraphs -Wno-missing-field-initializers -Wno-missing-prototypes -Wno-return-type -Wno-implicit-atomic-properties -Wno-objc-interface-ivars -Wno-arc-repeated-use-of-weak -Wno-missing-braces -Wparentheses -Wswitch -Wno-unused-function -Wno-unused-label -Wno-unused-parameter -Wno-unused-variable -Wunused-value -Wno-empty-body -Wno-uninitialized -Wno-unknown-pragmas -w -Wno-shadow -Wno-four-char-constants -Wno-conversion -Wno-constant-conversion -Wno-int-conversion -Wno-bool-conversion -Wno-enum-conversion -Wno-float-conversion -Wno-non-literal-null-conversion -Wno-objc-literal-conversion -Wshorten-64-to-32 -Wpointer-sign -Wno-newline-eof -Wno-selector -Wno-strict-selector-match -Wno-undeclared-selector -Wno-deprecated-implementations -Wno-implicit-fallthrough -fstrict-aliasing -Wprotocol -Wdeprecated-declarations -Wno-sign-conversion -Wno-infinite-recursion -Wno-comma -Wno-block-capture-autoreleasing -Wno-strict-prototypes -Wno-semicolon-before-method-body -index-store-path /Users/obedsayyad/teach-gate-macOS-app/macos/build/Index.noindex/DataStore @/Users/obedsayyad/teach-gate-macOS-app/macos/build/Build/Intermediates.noindex/CocoaLumberjack.build/Debug/CocoaLumberjack.build/Objects-normal/arm64/e6072d4f65d7061329687fe24e3d63a7-common-args.resp -include /Users/obedsayyad/teach-gate-macOS-app/macos/build/Build/Intermediates.noindex/CocoaLumberjack.build/Debug/CocoaLumberjack.build/DerivedSources/resource_bundle_accessor.h -MMD -MT dependencies -MF /Users/obedsayyad/teach-gate-macOS-app/macos/build/Build/Intermediates.noindex/CocoaLumberjack.build/Debug/CocoaLumberjack.build/Objects-normal/arm64/DDASLLogCapture.d --serialize-diagnostics /Users/obedsayyad/teach-gate-macOS-app/macos/build/Build/Intermediates.noindex/CocoaLumberjack.build/Debug/CocoaLumberjack.build/Objects-normal/arm64/DDASLLogCapture.dia -c /Users/obedsayyad/teach-gate-macOS-app/macos/build/SourcePackages/checkouts/CocoaLumberjack/Sources/CocoaLumberjack/DDASLLogCapture.m -o /Users/obedsayyad/teach-gate-macOS-app/macos/build/Build/Intermediates.noindex/CocoaLumberjack.build/Debug/CocoaLumberjack.build/Objects-normal/arm64/DDASLLogCapture.o -index-unit-output-path /CocoaLumberjack.build/Debug/CocoaLumberjack.build/Objects-normal/arm64/DDASLLogCapture.o

ScanDependencies /Users/obedsayyad/teach-gate-macOS-app/macos/build/Build/Intermediates.noindex/CocoaLumberjack.build/Debug/CocoaLumberjack.build/Objects-normal/arm64/CLIColor.o /Users/obedsayyad/teach-gate-macOS-app/macos/build/SourcePackages/checkouts/CocoaLumberjack/Sources/CocoaLumberjack/CLI/CLIColor.m normal arm64 objective-c com.apple.compilers.llvm.clang.1_0.compiler (in target 'CocoaLumberjack' from project 'CocoaLumberjack')
    cd /Users/obedsayyad/teach-gate-macOS-app/macos/Teach\ Gate.xcodeproj
    
    Using response file: /Users/obedsayyad/teach-gate-macOS-app/macos/build/Build/Intermediates.noindex/CocoaLumberjack.build/Debug/CocoaLumberjack.build/Objects-normal/arm64/e6072d4f65d7061329687fe24e3d63a7-common-args.resp
    
    builtin-ScanDependencies -o /Users/obedsayyad/teach-gate-macOS-app/macos/build/Build/Intermediates.noindex/CocoaLumberjack.build/Debug/CocoaLumberjack.build/Objects-normal/arm64/CLIColor.o.scan -- /Applications/Xcode.app/Contents/Developer/Toolchains/XcodeDefault.xctoolchain/usr/bin/clang -x objective-c -ivfsstatcache /Users/obedsayyad/teach-gate-macOS-app/macos/build/SDKStatCaches.noindex/macosx15.5-24F74-8254517eb8b97d462ccbc072ba9094c9.sdkstatcache -fmessage-length\=0 -fdiagnostics-show-note-include-stack -fmacro-backtrace-limit\=0 -fno-color-diagnostics -fmodules-prune-interval\=86400 -fmodules-prune-after\=345600 -fbuild-session-file\=/Users/obedsayyad/teach-gate-macOS-app/macos/build/ModuleCache.noindex/Session.modulevalidation -fmodules-validate-once-per-build-session -Wnon-modular-include-in-framework-module -Werror\=non-modular-include-in-framework-module -Wno-trigraphs -Wno-missing-field-initializers -Wno-missing-prototypes -Wno-return-type -Wno-implicit-atomic-properties -Wno-objc-interface-ivars -Wno-arc-repeated-use-of-weak -Wno-missing-braces -Wparentheses -Wswitch -Wno-unused-function -Wno-unused-label -Wno-unused-parameter -Wno-unused-variable -Wunused-value -Wno-empty-body -Wno-uninitialized -Wno-unknown-pragmas -w -Wno-shadow -Wno-four-char-constants -Wno-conversion -Wno-constant-conversion -Wno-int-conversion -Wno-bool-conversion -Wno-enum-conversion -Wno-float-conversion -Wno-non-literal-null-conversion -Wno-objc-literal-conversion -Wshorten-64-to-32 -Wpointer-sign -Wno-newline-eof -Wno-selector -Wno-strict-selector-match -Wno-undeclared-selector -Wno-deprecated-implementations -Wno-implicit-fallthrough -fstrict-aliasing -Wprotocol -Wdeprecated-declarations -Wno-sign-conversion -Wno-infinite-recursion -Wno-comma -Wno-block-capture-autoreleasing -Wno-strict-prototypes -Wno-semicolon-before-method-body -index-store-path /Users/obedsayyad/teach-gate-macOS-app/macos/build/Index.noindex/DataStore @/Users/obedsayyad/teach-gate-macOS-app/macos/build/Build/Intermediates.noindex/CocoaLumberjack.build/Debug/CocoaLumberjack.build/Objects-normal/arm64/e6072d4f65d7061329687fe24e3d63a7-common-args.resp -include /Users/obedsayyad/teach-gate-macOS-app/macos/build/Build/Intermediates.noindex/CocoaLumberjack.build/Debug/CocoaLumberjack.build/DerivedSources/resource_bundle_accessor.h -MMD -MT dependencies -MF /Users/obedsayyad/teach-gate-macOS-app/macos/build/Build/Intermediates.noindex/CocoaLumberjack.build/Debug/CocoaLumberjack.build/Objects-normal/arm64/CLIColor.d --serialize-diagnostics /Users/obedsayyad/teach-gate-macOS-app/macos/build/Build/Intermediates.noindex/CocoaLumberjack.build/Debug/CocoaLumberjack.build/Objects-normal/arm64/CLIColor.dia -c /Users/obedsayyad/teach-gate-macOS-app/macos/build/SourcePackages/checkouts/CocoaLumberjack/Sources/CocoaLumberjack/CLI/CLIColor.m -o /Users/obedsayyad/teach-gate-macOS-app/macos/build/Build/Intermediates.noindex/CocoaLumberjack.build/Debug/CocoaLumberjack.build/Objects-normal/arm64/CLIColor.o -index-unit-output-path /CocoaLumberjack.build/Debug/CocoaLumberjack.build/Objects-normal/arm64/CLIColor.o

SwiftDriver OutlineError normal arm64 com.apple.xcode.tools.swift.compiler (in target 'OutlineError' from project 'OutlineAppleLib')
    cd /Users/obedsayyad/teach-gate-macOS-app/macos/Teach\ Gate.xcodeproj
    builtin-SwiftDriver -- /Applications/Xcode.app/Contents/Developer/Toolchains/XcodeDefault.xctoolchain/usr/bin/swiftc -module-name OutlineError -Onone -enforce-exclusivity\=checked @/Users/obedsayyad/teach-gate-macOS-app/macos/build/Build/Intermediates.noindex/OutlineAppleLib.build/Debug/OutlineError.build/Objects-normal/arm64/OutlineError.SwiftFileList -DSWIFT_PACKAGE -DDEBUG -DXcode -plugin-path /Applications/Xcode.app/Contents/Developer/Toolchains/XcodeDefault.xctoolchain/usr/lib/swift/host/plugins/testing -enable-experimental-feature DebugDescriptionMacro -sdk /Applications/Xcode.app/Contents/Developer/Platforms/MacOSX.platform/Developer/SDKs/MacOSX15.5.sdk -target arm64-apple-macos12.0 -g -module-cache-path /Users/obedsayyad/teach-gate-macOS-app/macos/build/ModuleCache.noindex -Xfrontend -serialize-debugging-options -enable-testing -suppress-warnings -index-store-path /Users/obedsayyad/teach-gate-macOS-app/macos/build/Index.noindex/DataStore -swift-version 5 -I /Users/obedsayyad/teach-gate-macOS-app/macos/build/Build/Products/Debug -I /Applications/Xcode.app/Contents/Developer/Platforms/MacOSX.platform/Developer/usr/lib -F /Users/obedsayyad/teach-gate-macOS-app/macos/build/Build/Products/Debug -F /Applications/Xcode.app/Contents/Developer/Platforms/MacOSX.platform/Developer/Library/Frameworks -parse-as-library -emit-localized-strings -emit-localized-strings-path /Users/obedsayyad/teach-gate-macOS-app/macos/build/Build/Intermediates.noindex/OutlineAppleLib.build/Debug/OutlineError.build/Objects-normal/arm64 -c -j10 -enable-batch-mode -incremental -Xcc -ivfsstatcache -Xcc /Users/obedsayyad/teach-gate-macOS-app/macos/build/SDKStatCaches.noindex/macosx15.5-24F74-8254517eb8b97d462ccbc072ba9094c9.sdkstatcache -output-file-map /Users/obedsayyad/teach-gate-macOS-app/macos/build/Build/Intermediates.noindex/OutlineAppleLib.build/Debug/OutlineError.build/Objects-normal/arm64/OutlineError-OutputFileMap.json -use-frontend-parseable-output -save-temps -no-color-diagnostics -serialize-diagnostics -emit-dependencies -emit-module -emit-module-path /Users/obedsayyad/teach-gate-macOS-app/macos/build/Build/Intermediates.noindex/OutlineAppleLib.build/Debug/OutlineError.build/Objects-normal/arm64/OutlineError.swiftmodule -validate-clang-modules-once -clang-build-session-file /Users/obedsayyad/teach-gate-macOS-app/macos/build/ModuleCache.noindex/Session.modulevalidation -Xcc -I/Users/obedsayyad/teach-gate-macOS-app/macos/build/Build/Intermediates.noindex/OutlineAppleLib.build/Debug/OutlineError.build/swift-overrides.hmap -emit-const-values -Xfrontend -const-gather-protocols-file -Xfrontend /Users/obedsayyad/teach-gate-macOS-app/macos/build/Build/Intermediates.noindex/OutlineAppleLib.build/Debug/OutlineError.build/Objects-normal/arm64/OutlineError_const_extract_protocols.json -Xcc -I/Users/obedsayyad/teach-gate-macOS-app/macos/build/Build/Products/Debug/include -Xcc -I/Users/obedsayyad/teach-gate-macOS-app/macos/build/Build/Intermediates.noindex/OutlineAppleLib.build/Debug/OutlineError.build/DerivedSources-normal/arm64 -Xcc -I/Users/obedsayyad/teach-gate-macOS-app/macos/build/Build/Intermediates.noindex/OutlineAppleLib.build/Debug/OutlineError.build/DerivedSources/arm64 -Xcc -I/Users/obedsayyad/teach-gate-macOS-app/macos/build/Build/Intermediates.noindex/OutlineAppleLib.build/Debug/OutlineError.build/DerivedSources -Xcc -DSWIFT_PACKAGE -Xcc -DDEBUG\=1 -emit-objc-header -emit-objc-header-path /Users/obedsayyad/teach-gate-macOS-app/macos/build/Build/Intermediates.noindex/OutlineAppleLib.build/Debug/OutlineError.build/Objects-normal/arm64/OutlineError-Swift.h -working-directory /Users/obedsayyad/teach-gate-macOS-app/macos/Teach\ Gate.xcodeproj -experimental-emit-module-separately -disable-cmo

SwiftDriver CocoaLumberjackSwift normal arm64 com.apple.xcode.tools.swift.compiler (in target 'CocoaLumberjackSwift' from project 'CocoaLumberjack')
    cd /Users/obedsayyad/teach-gate-macOS-app/macos/Teach\ Gate.xcodeproj
    builtin-SwiftDriver -- /Applications/Xcode.app/Contents/Developer/Toolchains/XcodeDefault.xctoolchain/usr/bin/swiftc -module-name CocoaLumberjackSwift -Onone -enforce-exclusivity\=checked @/Users/obedsayyad/teach-gate-macOS-app/macos/build/Build/Intermediates.noindex/CocoaLumberjack.build/Debug/CocoaLumberjackSwift.build/Objects-normal/arm64/CocoaLumberjackSwift.SwiftFileList -DSWIFT_PACKAGE -DDEBUG -Xcc -fmodule-map-file\=/Users/obedsayyad/teach-gate-macOS-app/macos/build/Build/Intermediates.noindex/GeneratedModuleMaps/CocoaLumberjackSwiftSupport.modulemap -Xcc -fmodule-map-file\=/Users/obedsayyad/teach-gate-macOS-app/macos/build/Build/Intermediates.noindex/GeneratedModuleMaps/CocoaLumberjack.modulemap -DXcode -enable-upcoming-feature ExistentialAny -enable-upcoming-feature InternalImportsByDefault -plugin-path /Applications/Xcode.app/Contents/Developer/Toolchains/XcodeDefault.xctoolchain/usr/lib/swift/host/plugins/testing -enable-experimental-feature DebugDescriptionMacro -sdk /Applications/Xcode.app/Contents/Developer/Platforms/MacOSX.platform/Developer/SDKs/MacOSX15.5.sdk -target arm64-apple-macos10.13 -g -module-cache-path /Users/obedsayyad/teach-gate-macOS-app/macos/build/ModuleCache.noindex -Xfrontend -serialize-debugging-options -enable-testing -suppress-warnings -index-store-path /Users/obedsayyad/teach-gate-macOS-app/macos/build/Index.noindex/DataStore -swift-version 6 -I /Users/obedsayyad/teach-gate-macOS-app/macos/build/Build/Products/Debug -I /Applications/Xcode.app/Contents/Developer/Platforms/MacOSX.platform/Developer/usr/lib -F /Users/obedsayyad/teach-gate-macOS-app/macos/build/Build/Products/Debug/PackageFrameworks -F /Users/obedsayyad/teach-gate-macOS-app/macos/build/Build/Products/Debug/PackageFrameworks -F /Users/obedsayyad/teach-gate-macOS-app/macos/build/Build/Products/Debug -F /Applications/Xcode.app/Contents/Developer/Platforms/MacOSX.platform/Developer/Library/Frameworks -c -j10 -enable-batch-mode -incremental -Xcc -ivfsstatcache -Xcc /Users/obedsayyad/teach-gate-macOS-app/macos/build/SDKStatCaches.noindex/macosx15.5-24F74-8254517eb8b97d462ccbc072ba9094c9.sdkstatcache -output-file-map /Users/obedsayyad/teach-gate-macOS-app/macos/build/Build/Intermediates.noindex/CocoaLumberjack.build/Debug/CocoaLumberjackSwift.build/Objects-normal/arm64/CocoaLumberjackSwift-OutputFileMap.json -use-frontend-parseable-output -save-temps -no-color-diagnostics -serialize-diagnostics -emit-dependencies -emit-module -emit-module-path /Users/obedsayyad/teach-gate-macOS-app/macos/build/Build/Intermediates.noindex/CocoaLumberjack.build/Debug/CocoaLumberjackSwift.build/Objects-normal/arm64/CocoaLumberjackSwift.swiftmodule -user-module-version 3.9.0 -validate-clang-modules-once -clang-build-session-file /Users/obedsayyad/teach-gate-macOS-app/macos/build/ModuleCache.noindex/Session.modulevalidation -package-name cocoalumberjack -Xcc -I/Users/obedsayyad/teach-gate-macOS-app/macos/build/Build/Intermediates.noindex/CocoaLumberjack.build/Debug/CocoaLumberjackSwift.build/swift-overrides.hmap -emit-const-values -Xfrontend -const-gather-protocols-file -Xfrontend /Users/obedsayyad/teach-gate-macOS-app/macos/build/Build/Intermediates.noindex/CocoaLumberjack.build/Debug/CocoaLumberjackSwift.build/Objects-normal/arm64/CocoaLumberjackSwift_const_extract_protocols.json -Xcc -I/Users/obedsayyad/teach-gate-macOS-app/macos/build/SourcePackages/checkouts/CocoaLumberjack/Sources/CocoaLumberjackSwiftSupport/include -Xcc -I/Users/obedsayyad/teach-gate-macOS-app/macos/build/SourcePackages/checkouts/CocoaLumberjack/Sources/CocoaLumberjack/include -Xcc -I/Users/obedsayyad/teach-gate-macOS-app/macos/build/Build/Products/Debug/include -Xcc -I/Users/obedsayyad/teach-gate-macOS-app/macos/build/Build/Intermediates.noindex/CocoaLumberjack.build/Debug/CocoaLumberjackSwift.build/DerivedSources-normal/arm64 -Xcc -I/Users/obedsayyad/teach-gate-macOS-app/macos/build/Build/Intermediates.noindex/CocoaLumberjack.build/Debug/CocoaLumberjackSwift.build/DerivedSources/arm64 -Xcc -I/Users/obedsayyad/teach-gate-macOS-app/macos/build/Build/Intermediates.noindex/CocoaLumberjack.build/Debug/CocoaLumberjackSwift.build/DerivedSources -Xcc -DSWIFT_PACKAGE -Xcc -DDEBUG\=1 -emit-objc-header -emit-objc-header-path /Users/obedsayyad/teach-gate-macOS-app/macos/build/Build/Intermediates.noindex/CocoaLumberjack.build/Debug/CocoaLumberjackSwift.build/Objects-normal/arm64/CocoaLumberjackSwift-Swift.h -working-directory /Users/obedsayyad/teach-gate-macOS-app/macos/Teach\ Gate.xcodeproj -experimental-emit-module-separately -disable-cmo

SwiftDriver OutlineNotification normal arm64 com.apple.xcode.tools.swift.compiler (in target 'OutlineNotification' from project 'OutlineAppleLib')
    cd /Users/obedsayyad/teach-gate-macOS-app/macos/Teach\ Gate.xcodeproj
    builtin-SwiftDriver -- /Applications/Xcode.app/Contents/Developer/Toolchains/XcodeDefault.xctoolchain/usr/bin/swiftc -module-name OutlineNotification -Onone -enforce-exclusivity\=checked @/Users/obedsayyad/teach-gate-macOS-app/macos/build/Build/Intermediates.noindex/OutlineAppleLib.build/Debug/OutlineNotification.build/Objects-normal/arm64/OutlineNotification.SwiftFileList -DSWIFT_PACKAGE -DDEBUG -DXcode -plugin-path /Applications/Xcode.app/Contents/Developer/Toolchains/XcodeDefault.xctoolchain/usr/lib/swift/host/plugins/testing -enable-experimental-feature DebugDescriptionMacro -sdk /Applications/Xcode.app/Contents/Developer/Platforms/MacOSX.platform/Developer/SDKs/MacOSX15.5.sdk -target arm64-apple-macos12.0 -g -module-cache-path /Users/obedsayyad/teach-gate-macOS-app/macos/build/ModuleCache.noindex -Xfrontend -serialize-debugging-options -enable-testing -suppress-warnings -index-store-path /Users/obedsayyad/teach-gate-macOS-app/macos/build/Index.noindex/DataStore -swift-version 5 -I /Users/obedsayyad/teach-gate-macOS-app/macos/build/Build/Products/Debug -I /Applications/Xcode.app/Contents/Developer/Platforms/MacOSX.platform/Developer/usr/lib -F /Users/obedsayyad/teach-gate-macOS-app/macos/build/Build/Products/Debug -F /Applications/Xcode.app/Contents/Developer/Platforms/MacOSX.platform/Developer/Library/Frameworks -parse-as-library -emit-localized-strings -emit-localized-strings-path /Users/obedsayyad/teach-gate-macOS-app/macos/build/Build/Intermediates.noindex/OutlineAppleLib.build/Debug/OutlineNotification.build/Objects-normal/arm64 -c -j10 -enable-batch-mode -incremental -Xcc -ivfsstatcache -Xcc /Users/obedsayyad/teach-gate-macOS-app/macos/build/SDKStatCaches.noindex/macosx15.5-24F74-8254517eb8b97d462ccbc072ba9094c9.sdkstatcache -output-file-map /Users/obedsayyad/teach-gate-macOS-app/macos/build/Build/Intermediates.noindex/OutlineAppleLib.build/Debug/OutlineNotification.build/Objects-normal/arm64/OutlineNotification-OutputFileMap.json -use-frontend-parseable-output -save-temps -no-color-diagnostics -serialize-diagnostics -emit-dependencies -emit-module -emit-module-path /Users/obedsayyad/teach-gate-macOS-app/macos/build/Build/Intermediates.noindex/OutlineAppleLib.build/Debug/OutlineNotification.build/Objects-normal/arm64/OutlineNotification.swiftmodule -validate-clang-modules-once -clang-build-session-file /Users/obedsayyad/teach-gate-macOS-app/macos/build/ModuleCache.noindex/Session.modulevalidation -Xcc -I/Users/obedsayyad/teach-gate-macOS-app/macos/build/Build/Intermediates.noindex/OutlineAppleLib.build/Debug/OutlineNotification.build/swift-overrides.hmap -emit-const-values -Xfrontend -const-gather-protocols-file -Xfrontend /Users/obedsayyad/teach-gate-macOS-app/macos/build/Build/Intermediates.noindex/OutlineAppleLib.build/Debug/OutlineNotification.build/Objects-normal/arm64/OutlineNotification_const_extract_protocols.json -Xcc -I/Users/obedsayyad/teach-gate-macOS-app/macos/build/Build/Products/Debug/include -Xcc -I/Users/obedsayyad/teach-gate-macOS-app/macos/build/Build/Intermediates.noindex/OutlineAppleLib.build/Debug/OutlineNotification.build/DerivedSources-normal/arm64 -Xcc -I/Users/obedsayyad/teach-gate-macOS-app/macos/build/Build/Intermediates.noindex/OutlineAppleLib.build/Debug/OutlineNotification.build/DerivedSources/arm64 -Xcc -I/Users/obedsayyad/teach-gate-macOS-app/macos/build/Build/Intermediates.noindex/OutlineAppleLib.build/Debug/OutlineNotification.build/DerivedSources -Xcc -DSWIFT_PACKAGE -Xcc -DDEBUG\=1 -emit-objc-header -emit-objc-header-path /Users/obedsayyad/teach-gate-macOS-app/macos/build/Build/Intermediates.noindex/OutlineAppleLib.build/Debug/OutlineNotification.build/Objects-normal/arm64/OutlineNotification-Swift.h -working-directory /Users/obedsayyad/teach-gate-macOS-app/macos/Teach\ Gate.xcodeproj -experimental-emit-module-separately -disable-cmo

PrecompileModule /Users/obedsayyad/teach-gate-macOS-app/macos/build/Build/Intermediates.noindex/ExplicitPrecompiledModules/_signal-7KTIF27WJKZWXROQ0PDW0834P.scan
    cd /Users/obedsayyad/teach-gate-macOS-app/macos/Teach\ Gate.xcodeproj
    builtin-precompileModule /Users/obedsayyad/teach-gate-macOS-app/macos/build/Build/Intermediates.noindex/ExplicitPrecompiledModules/_signal-7KTIF27WJKZWXROQ0PDW0834P.scan

PrecompileModule /Users/obedsayyad/teach-gate-macOS-app/macos/build/Build/Intermediates.noindex/ExplicitPrecompiledModules/nl_types-CHNW1OIV010XN80PWYJH1CYKK.scan
    cd /Users/obedsayyad/teach-gate-macOS-app/macos/Teach\ Gate.xcodeproj
    builtin-precompileModule /Users/obedsayyad/teach-gate-macOS-app/macos/build/Build/Intermediates.noindex/ExplicitPrecompiledModules/nl_types-CHNW1OIV010XN80PWYJH1CYKK.scan

PrecompileModule /Users/obedsayyad/teach-gate-macOS-app/macos/build/Build/Intermediates.noindex/ExplicitPrecompiledModules/_stdio-2JM5P1MNMTLH13KTPMUNONLGI.scan
    cd /Users/obedsayyad/teach-gate-macOS-app/macos/Teach\ Gate.xcodeproj
    builtin-precompileModule /Users/obedsayyad/teach-gate-macOS-app/macos/build/Build/Intermediates.noindex/ExplicitPrecompiledModules/_stdio-2JM5P1MNMTLH13KTPMUNONLGI.scan

PrecompileModule /Users/obedsayyad/teach-gate-macOS-app/macos/build/Build/Intermediates.noindex/ExplicitPrecompiledModules/sys_resource-E4B7OLB8Y33Z7ZULQHW5SEL44.scan
    cd /Users/obedsayyad/teach-gate-macOS-app/macos/Teach\ Gate.xcodeproj
    builtin-precompileModule /Users/obedsayyad/teach-gate-macOS-app/macos/build/Build/Intermediates.noindex/ExplicitPrecompiledModules/sys_resource-E4B7OLB8Y33Z7ZULQHW5SEL44.scan

SwiftEmitModule normal arm64 Emitting\ module\ for\ OutlineNotification (in target 'OutlineNotification' from project 'OutlineAppleLib')
SwiftCompile normal arm64 /Users/obedsayyad/teach-gate-macOS-app/macos/OutlineAppleLib/Sources/OutlineNotification/NSNotification+Outline.swift (in target 'OutlineNotification' from project 'OutlineAppleLib')
    cd /Users/obedsayyad/teach-gate-macOS-app/macos/Teach\ Gate.xcodeproj
    

SwiftEmitModule normal arm64 Emitting\ module\ for\ OutlineError (in target 'OutlineError' from project 'OutlineAppleLib')
SwiftCompile normal arm64 /Users/obedsayyad/teach-gate-macOS-app/macos/OutlineAppleLib/Sources/OutlineError/OutlineError.swift (in target 'OutlineError' from project 'OutlineAppleLib')
    cd /Users/obedsayyad/teach-gate-macOS-app/macos/Teach\ Gate.xcodeproj
    

SwiftEmitModule normal arm64 Emitting\ module\ for\ CocoaLumberjackSwift (in target 'CocoaLumberjackSwift' from project 'CocoaLumberjack')
EmitSwiftModule normal arm64 (in target 'CocoaLumberjackSwift' from project 'CocoaLumberjack')
    cd /Users/obedsayyad/teach-gate-macOS-app/macos/Teach\ Gate.xcodeproj
    

PrecompileModule /Users/obedsayyad/teach-gate-macOS-app/macos/build/Build/Intermediates.noindex/ExplicitPrecompiledModules/_time-A41ELZGNF7PMFW8FDL6ACLD44.scan
    cd /Users/obedsayyad/teach-gate-macOS-app/macos/Teach\ Gate.xcodeproj
    builtin-precompileModule /Users/obedsayyad/teach-gate-macOS-app/macos/build/Build/Intermediates.noindex/ExplicitPrecompiledModules/_time-A41ELZGNF7PMFW8FDL6ACLD44.scan

PrecompileModule /Users/obedsayyad/teach-gate-macOS-app/macos/build/Build/Intermediates.noindex/ExplicitPrecompiledModules/sys_wait-BFBEJP3CIL2R97L50TBDJGAFK.scan
    cd /Users/obedsayyad/teach-gate-macOS-app/macos/Teach\ Gate.xcodeproj
    builtin-precompileModule /Users/obedsayyad/teach-gate-macOS-app/macos/build/Build/Intermediates.noindex/ExplicitPrecompiledModules/sys_wait-BFBEJP3CIL2R97L50TBDJGAFK.scan

PrecompileModule /Users/obedsayyad/teach-gate-macOS-app/macos/build/Build/Intermediates.noindex/ExplicitPrecompiledModules/sys_select-BEAJTQ67OA41AJR9BJ3AS4D9M.scan
    cd /Users/obedsayyad/teach-gate-macOS-app/macos/Teach\ Gate.xcodeproj
    builtin-precompileModule /Users/obedsayyad/teach-gate-macOS-app/macos/build/Build/Intermediates.noindex/ExplicitPrecompiledModules/sys_select-BEAJTQ67OA41AJR9BJ3AS4D9M.scan

PrecompileModule /Users/obedsayyad/teach-gate-macOS-app/macos/build/Build/Intermediates.noindex/ExplicitPrecompiledModules/pthread-5TN5CCFWA9W3KLRKE5PT880KL.scan
    cd /Users/obedsayyad/teach-gate-macOS-app/macos/Teach\ Gate.xcodeproj
    builtin-precompileModule /Users/obedsayyad/teach-gate-macOS-app/macos/build/Build/Intermediates.noindex/ExplicitPrecompiledModules/pthread-5TN5CCFWA9W3KLRKE5PT880KL.scan

PrecompileModule /Users/obedsayyad/teach-gate-macOS-app/macos/build/Build/Intermediates.noindex/ExplicitPrecompiledModules/gethostuuid-6BPPI932QDGBXD30BKJP2EV2X.scan
    cd /Users/obedsayyad/teach-gate-macOS-app/macos/Teach\ Gate.xcodeproj
    builtin-precompileModule /Users/obedsayyad/teach-gate-macOS-app/macos/build/Build/Intermediates.noindex/ExplicitPrecompiledModules/gethostuuid-6BPPI932QDGBXD30BKJP2EV2X.scan

PrecompileModule /Users/obedsayyad/teach-gate-macOS-app/macos/build/Build/Intermediates.noindex/ExplicitPrecompiledModules/_wchar-7EUP8KTYIE5R96NTGZVIYOQ6Y.scan
    cd /Users/obedsayyad/teach-gate-macOS-app/macos/Teach\ Gate.xcodeproj
    builtin-precompileModule /Users/obedsayyad/teach-gate-macOS-app/macos/build/Build/Intermediates.noindex/ExplicitPrecompiledModules/_wchar-7EUP8KTYIE5R96NTGZVIYOQ6Y.scan

PrecompileModule /Users/obedsayyad/teach-gate-macOS-app/macos/build/Build/Intermediates.noindex/ExplicitPrecompiledModules/_string-930MFL37XQ64IJ926KQ6XXK2R.scan
    cd /Users/obedsayyad/teach-gate-macOS-app/macos/Teach\ Gate.xcodeproj
    builtin-precompileModule /Users/obedsayyad/teach-gate-macOS-app/macos/build/Build/Intermediates.noindex/ExplicitPrecompiledModules/_string-930MFL37XQ64IJ926KQ6XXK2R.scan

PrecompileModule /Users/obedsayyad/teach-gate-macOS-app/macos/build/Build/Intermediates.noindex/ExplicitPrecompiledModules/_stdlib-B95HUBOGWOJMTU8BQX2XEXD66.scan
    cd /Users/obedsayyad/teach-gate-macOS-app/macos/Teach\ Gate.xcodeproj
    builtin-precompileModule /Users/obedsayyad/teach-gate-macOS-app/macos/build/Build/Intermediates.noindex/ExplicitPrecompiledModules/_stdlib-B95HUBOGWOJMTU8BQX2XEXD66.scan

SwiftCompile normal arm64 Compiling\ NSNotification+Outline.swift /Users/obedsayyad/teach-gate-macOS-app/macos/OutlineAppleLib/Sources/OutlineNotification/NSNotification+Outline.swift (in target 'OutlineNotification' from project 'OutlineAppleLib')

SwiftCompile normal arm64 /Users/obedsayyad/teach-gate-macOS-app/macos/OutlineAppleLib/Sources/OutlineNotification/NSNotification+Outline.swift (in target 'OutlineNotification' from project 'OutlineAppleLib')
    cd /Users/obedsayyad/teach-gate-macOS-app/macos/Teach\ Gate.xcodeproj
    

PrecompileModule /Users/obedsayyad/teach-gate-macOS-app/macos/build/Build/Intermediates.noindex/ExplicitPrecompiledModules/asl-5UB2JLF8BJG6R7X4SDBQF8Y63.scan
    cd /Users/obedsayyad/teach-gate-macOS-app/macos/Teach\ Gate.xcodeproj
    builtin-precompileModule /Users/obedsayyad/teach-gate-macOS-app/macos/build/Build/Intermediates.noindex/ExplicitPrecompiledModules/asl-5UB2JLF8BJG6R7X4SDBQF8Y63.scan

SwiftCompile normal arm64 Compiling\ OutlineError.swift /Users/obedsayyad/teach-gate-macOS-app/macos/OutlineAppleLib/Sources/OutlineError/OutlineError.swift (in target 'OutlineError' from project 'OutlineAppleLib')
Failed frontend command:
/Applications/Xcode.app/Contents/Developer/Toolchains/XcodeDefault.xctoolchain/usr/bin/swift-frontend -frontend -c -primary-file /Users/obedsayyad/teach-gate-macOS-app/macos/OutlineAppleLib/Sources/OutlineError/OutlineError.swift -emit-dependencies-path /Users/obedsayyad/teach-gate-macOS-app/macos/build/Build/Intermediates.noindex/OutlineAppleLib.build/Debug/OutlineError.build/Objects-normal/arm64/OutlineError.d -emit-const-values-path /Users/obedsayyad/teach-gate-macOS-app/macos/build/Build/Intermediates.noindex/OutlineAppleLib.build/Debug/OutlineError.build/Objects-normal/arm64/OutlineError.swiftconstvalues -emit-reference-dependencies-path /Users/obedsayyad/teach-gate-macOS-app/macos/build/Build/Intermediates.noindex/OutlineAppleLib.build/Debug/OutlineError.build/Objects-normal/arm64/OutlineError.swiftdeps -serialize-diagnostics-path /Users/obedsayyad/teach-gate-macOS-app/macos/build/Build/Intermediates.noindex/OutlineAppleLib.build/Debug/OutlineError.build/Objects-normal/arm64/OutlineError.dia -emit-localized-strings -emit-localized-strings-path /Users/obedsayyad/teach-gate-macOS-app/macos/build/Build/Intermediates.noindex/OutlineAppleLib.build/Debug/OutlineError.build/Objects-normal/arm64 -target arm64-apple-macos12.0 -Xllvm -aarch64-use-tbi -enable-objc-interop -stack-check -sdk /Applications/Xcode.app/Contents/Developer/Platforms/MacOSX.platform/Developer/SDKs/MacOSX15.5.sdk -I /Users/obedsayyad/teach-gate-macOS-app/macos/build/Build/Products/Debug -I /Applications/Xcode.app/Contents/Developer/Platforms/MacOSX.platform/Developer/usr/lib -F /Users/obedsayyad/teach-gate-macOS-app/macos/build/Build/Products/Debug -F /Applications/Xcode.app/Contents/Developer/Platforms/MacOSX.platform/Developer/Library/Frameworks -no-color-diagnostics -enable-testing -g -debug-info-format\=dwarf -dwarf-version\=4 -module-cache-path /Users/obedsayyad/teach-gate-macOS-app/macos/build/ModuleCache.noindex -suppress-warnings -swift-version 5 -enforce-exclusivity\=checked -Onone -D SWIFT_PACKAGE -D DEBUG -D Xcode -serialize-debugging-options -const-gather-protocols-file /Users/obedsayyad/teach-gate-macOS-app/macos/build/Build/Intermediates.noindex/OutlineAppleLib.build/Debug/OutlineError.build/Objects-normal/arm64/OutlineError_const_extract_protocols.json -enable-experimental-feature DebugDescriptionMacro -empty-abi-descriptor -plugin-path /Applications/Xcode.app/Contents/Developer/Toolchains/XcodeDefault.xctoolchain/usr/lib/swift/host/plugins/testing -validate-clang-modules-once -clang-build-session-file /Users/obedsayyad/teach-gate-macOS-app/macos/build/ModuleCache.noindex/Session.modulevalidation -Xcc -working-directory -Xcc /Users/obedsayyad/teach-gate-macOS-app/macos/Teach\ Gate.xcodeproj -resource-dir /Applications/Xcode.app/Contents/Developer/Toolchains/XcodeDefault.xctoolchain/usr/lib/swift -enable-anonymous-context-mangled-names -file-compilation-dir /Users/obedsayyad/teach-gate-macOS-app/macos/Teach\ Gate.xcodeproj -Xcc -ivfsstatcache -Xcc /Users/obedsayyad/teach-gate-macOS-app/macos/build/SDKStatCaches.noindex/macosx15.5-24F74-8254517eb8b97d462ccbc072ba9094c9.sdkstatcache -Xcc -I/Users/obedsayyad/teach-gate-macOS-app/macos/build/Build/Intermediates.noindex/OutlineAppleLib.build/Debug/OutlineError.build/swift-overrides.hmap -Xcc -I/Users/obedsayyad/teach-gate-macOS-app/macos/build/Build/Products/Debug/include -Xcc -I/Users/obedsayyad/teach-gate-macOS-app/macos/build/Build/Intermediates.noindex/OutlineAppleLib.build/Debug/OutlineError.build/DerivedSources-normal/arm64 -Xcc -I/Users/obedsayyad/teach-gate-macOS-app/macos/build/Build/Intermediates.noindex/OutlineAppleLib.build/Debug/OutlineError.build/DerivedSources/arm64 -Xcc -I/Users/obedsayyad/teach-gate-macOS-app/macos/build/Build/Intermediates.noindex/OutlineAppleLib.build/Debug/OutlineError.build/DerivedSources -Xcc -DSWIFT_PACKAGE -Xcc -DDEBUG\=1 -module-name OutlineError -frontend-parseable-output -disable-clang-spi -target-sdk-version 15.5 -target-sdk-name macosx15.5 -external-plugin-path /Applications/Xcode.app/Contents/Developer/Platforms/MacOSX.platform/Developer/usr/lib/swift/host/plugins\#/Applications/Xcode.app/Contents/Developer/Platforms/MacOSX.platform/Developer/usr/bin/swift-plugin-server -external-plugin-path /Applications/Xcode.app/Contents/Developer/Platforms/MacOSX.platform/Developer/usr/local/lib/swift/host/plugins\#/Applications/Xcode.app/Contents/Developer/Platforms/MacOSX.platform/Developer/usr/bin/swift-plugin-server -in-process-plugin-server-path /Applications/Xcode.app/Contents/Developer/Toolchains/XcodeDefault.xctoolchain/usr/lib/swift/host/libSwiftInProcPluginServer.dylib -plugin-path /Applications/Xcode.app/Contents/Developer/Toolchains/XcodeDefault.xctoolchain/usr/lib/swift/host/plugins -plugin-path /Applications/Xcode.app/Contents/Developer/Toolchains/XcodeDefault.xctoolchain/usr/local/lib/swift/host/plugins -parse-as-library -o /Users/obedsayyad/teach-gate-macOS-app/macos/build/Build/Intermediates.noindex/OutlineAppleLib.build/Debug/OutlineError.build/Objects-normal/arm64/OutlineError.o -index-unit-output-path /OutlineAppleLib.build/Debug/OutlineError.build/Objects-normal/arm64/OutlineError.o -index-store-path /Users/obedsayyad/teach-gate-macOS-app/macos/build/Index.noindex/DataStore -index-system-modules

SwiftCompile normal arm64 /Users/obedsayyad/teach-gate-macOS-app/macos/OutlineAppleLib/Sources/OutlineError/OutlineError.swift (in target 'OutlineError' from project 'OutlineAppleLib')
    cd /Users/obedsayyad/teach-gate-macOS-app/macos/Teach\ Gate.xcodeproj
    
/Users/obedsayyad/teach-gate-macOS-app/macos/OutlineAppleLib/Sources/OutlineError/OutlineError.swift:55:20: error: value of type 'PlaterrorsPlatformError' has no member 'code'
      return error.code
             ~~~~~ ^~~~
/Users/obedsayyad/teach-gate-macOS-app/macos/OutlineAppleLib/Sources/OutlineError/OutlineError.swift:57:14: error: cannot find 'PlaterrorsInternalError' in scope
      return PlaterrorsInternalError
             ^~~~~~~~~~~~~~~~~~~~~~~
/Users/obedsayyad/teach-gate-macOS-app/macos/OutlineAppleLib/Sources/OutlineError/OutlineError.swift:59:14: error: cannot find 'PlaterrorsInvalidConfig' in scope
      return PlaterrorsInvalidConfig
             ^~~~~~~~~~~~~~~~~~~~~~~
/Users/obedsayyad/teach-gate-macOS-app/macos/OutlineAppleLib/Sources/OutlineError/OutlineError.swift:61:14: error: cannot find 'PlaterrorsVPNPermissionNotGranted' in scope
      return PlaterrorsVPNPermissionNotGranted
             ^~~~~~~~~~~~~~~~~~~~~~~~~~~~~~~~~
/Users/obedsayyad/teach-gate-macOS-app/macos/OutlineAppleLib/Sources/OutlineError/OutlineError.swift:63:14: error: cannot find 'PlaterrorsSetupSystemVPNFailed' in scope
      return PlaterrorsSetupSystemVPNFailed
             ^~~~~~~~~~~~~~~~~~~~~~~~~~~~~~
/Users/obedsayyad/teach-gate-macOS-app/macos/OutlineAppleLib/Sources/OutlineError/OutlineError.swift:105:75: error: cannot find 'PlaterrorsInternalError' in scope
    let code = nserr.userInfo[OutlineErrorNSErrorKeys.Code] as? String ?? PlaterrorsInternalError
                                                                          ^~~~~~~~~~~~~~~~~~~~~~~
/Users/obedsayyad/teach-gate-macOS-app/macos/OutlineAppleLib/Sources/OutlineError/OutlineError.swift:126:29: error: cannot find 'PlaterrorsNewPlatformError' in scope
  guard let platformError = PlaterrorsNewPlatformError(code, message) else {
                            ^~~~~~~~~~~~~~~~~~~~~~~~~~

SwiftCompile normal arm64 Compiling\ DDLog+Combine.swift /Users/obedsayyad/teach-gate-macOS-app/macos/build/SourcePackages/checkouts/CocoaLumberjack/Sources/CocoaLumberjackSwift/DDLog+Combine.swift (in target 'CocoaLumberjackSwift' from project 'CocoaLumberjack')

SwiftCompile normal arm64 /Users/obedsayyad/teach-gate-macOS-app/macos/build/SourcePackages/checkouts/CocoaLumberjack/Sources/CocoaLumberjackSwift/DDLog+Combine.swift (in target 'CocoaLumberjackSwift' from project 'CocoaLumberjack')
    cd /Users/obedsayyad/teach-gate-macOS-app/macos/Teach\ Gate.xcodeproj
    

PrecompileModule /Users/obedsayyad/teach-gate-macOS-app/macos/build/Build/Intermediates.noindex/ExplicitPrecompiledModules/unistd-8XR8F9EQ3QMDLS0USK7G3TT02.scan
    cd /Users/obedsayyad/teach-gate-macOS-app/macos/Teach\ Gate.xcodeproj
    builtin-precompileModule /Users/obedsayyad/teach-gate-macOS-app/macos/build/Build/Intermediates.noindex/ExplicitPrecompiledModules/unistd-8XR8F9EQ3QMDLS0USK7G3TT02.scan

SwiftCompile normal arm64 Compiling\ DDLogFlag+DDLogLevel.swift /Users/obedsayyad/teach-gate-macOS-app/macos/build/SourcePackages/checkouts/CocoaLumberjack/Sources/CocoaLumberjackSwift/DDLogFlag+DDLogLevel.swift (in target 'CocoaLumberjackSwift' from project 'CocoaLumberjack')

SwiftCompile normal arm64 /Users/obedsayyad/teach-gate-macOS-app/macos/build/SourcePackages/checkouts/CocoaLumberjack/Sources/CocoaLumberjackSwift/DDLogFlag+DDLogLevel.swift (in target 'CocoaLumberjackSwift' from project 'CocoaLumberjack')
    cd /Users/obedsayyad/teach-gate-macOS-app/macos/Teach\ Gate.xcodeproj
    

PrecompileModule /Users/obedsayyad/teach-gate-macOS-app/macos/build/Build/Intermediates.noindex/ExplicitPrecompiledModules/libDER-DATN9N5P4107JB9B8ZR08OYDJ.scan
    cd /Users/obedsayyad/teach-gate-macOS-app/macos/Teach\ Gate.xcodeproj
    builtin-precompileModule /Users/obedsayyad/teach-gate-macOS-app/macos/build/Build/Intermediates.noindex/ExplicitPrecompiledModules/libDER-DATN9N5P4107JB9B8ZR08OYDJ.scan

SwiftCompile normal arm64 Compiling\ ConfigurationGlobals.swift /Users/obedsayyad/teach-gate-macOS-app/macos/build/SourcePackages/checkouts/CocoaLumberjack/Sources/CocoaLumberjackSwift/ConfigurationGlobals.swift (in target 'CocoaLumberjackSwift' from project 'CocoaLumberjack')

SwiftCompile normal arm64 /Users/obedsayyad/teach-gate-macOS-app/macos/build/SourcePackages/checkouts/CocoaLumberjack/Sources/CocoaLumberjackSwift/ConfigurationGlobals.swift (in target 'CocoaLumberjackSwift' from project 'CocoaLumberjack')
    cd /Users/obedsayyad/teach-gate-macOS-app/macos/Teach\ Gate.xcodeproj
    

SwiftCompile normal arm64 Compiling\ DDAssert.swift /Users/obedsayyad/teach-gate-macOS-app/macos/build/SourcePackages/checkouts/CocoaLumberjack/Sources/CocoaLumberjackSwift/DDAssert.swift (in target 'CocoaLumberjackSwift' from project 'CocoaLumberjack')

SwiftCompile normal arm64 /Users/obedsayyad/teach-gate-macOS-app/macos/build/SourcePackages/checkouts/CocoaLumberjack/Sources/CocoaLumberjackSwift/DDAssert.swift (in target 'CocoaLumberjackSwift' from project 'CocoaLumberjack')
    cd /Users/obedsayyad/teach-gate-macOS-app/macos/Teach\ Gate.xcodeproj
    

SwiftCompile normal arm64 Compiling\ DDLogMessageFormat.swift /Users/obedsayyad/teach-gate-macOS-app/macos/build/SourcePackages/checkouts/CocoaLumberjack/Sources/CocoaLumberjackSwift/DDLogMessageFormat.swift (in target 'CocoaLumberjackSwift' from project 'CocoaLumberjack')

SwiftCompile normal arm64 /Users/obedsayyad/teach-gate-macOS-app/macos/build/SourcePackages/checkouts/CocoaLumberjack/Sources/CocoaLumberjackSwift/DDLogMessageFormat.swift (in target 'CocoaLumberjackSwift' from project 'CocoaLumberjack')
    cd /Users/obedsayyad/teach-gate-macOS-app/macos/Teach\ Gate.xcodeproj
    

PrecompileModule /Users/obedsayyad/teach-gate-macOS-app/macos/build/Build/Intermediates.noindex/ExplicitPrecompiledModules/Darwin-9G6S9N8V2Z3NFS7XLIJ46OE9K.scan
    cd /Users/obedsayyad/teach-gate-macOS-app/macos/Teach\ Gate.xcodeproj
    builtin-precompileModule /Users/obedsayyad/teach-gate-macOS-app/macos/build/Build/Intermediates.noindex/ExplicitPrecompiledModules/Darwin-9G6S9N8V2Z3NFS7XLIJ46OE9K.scan

warning: Run script build phase 'Resign Embedded Extensions' will be run during every build because it does not specify any outputs. To address this issue, either add output dependencies to the script phase, or configure it to run in every build by unchecking "Based on dependency analysis" in the script phase. (in target 'Teach Gate-macOS' from project 'Teach Gate')
warning: Run script build phase 'Bundle React Native code and images' will be run during every build because it does not specify any outputs. To address this issue, either add output dependencies to the script phase, or configure it to run in every build by unchecking "Based on dependency analysis" in the script phase. (in target 'Teach Gate-macOS' from project 'Teach Gate')
note: Disabling previews because SWIFT_VERSION is set and SWIFT_OPTIMIZATION_LEVEL=-O, expected -Onone (in target 'TeachGateVPN' from project 'Teach Gate')
warning: Run script build phase 'Run Script' will be run during every build because it does not specify any outputs. To address this issue, either add output dependencies to the script phase, or configure it to run in every build by unchecking "Based on dependency analysis" in the script phase. (in target 'TeachGateVPN' from project 'Teach Gate')
** BUILD FAILED **


The following build commands failed:
	SwiftCompile normal arm64 Compiling\ OutlineError.swift /Users/obedsayyad/teach-gate-macOS-app/macos/OutlineAppleLib/Sources/OutlineError/OutlineError.swift (in target 'OutlineError' from project 'OutlineAppleLib')
	SwiftCompile normal arm64 /Users/obedsayyad/teach-gate-macOS-app/macos/OutlineAppleLib/Sources/OutlineError/OutlineError.swift (in target 'OutlineError' from project 'OutlineAppleLib')
	Building project Teach Gate with scheme Teach Gate-macOS and configuration Debug
(3 failures)
